<?xml version="1.0" encoding="UTF-8"?>
<!-- Generated by org.testng.reporters.JUnitReportReporter -->
<testsuite hostname="SPTVMLAP-1744" failures="0" tests="1" name="executions.run" time="35.633" errors="0" timestamp="2022-08-24T22:08:25 IST" skipped="0">
  <testcase classname="executions.run" name="launch" time="35.633"/>
  <system-out/>
</testsuite> <!-- executions.run -->
