<?xml version="1.0" encoding="UTF-8"?>
<!-- Generated by org.testng.reporters.JUnitReportReporter -->
<testsuite hostname="SPTVMLAP-1744" failures="0" tests="5" name="TestPackage.TestClass" time="223.492" errors="0" timestamp="2022-09-04T17:49:43 IST" skipped="0">
  <testcase classname="TestPackage.TestClass" name="launch" time="44.371"/>
  <system-out/>
  <testcase classname="TestPackage.TestClass" name="launch" time="31.551"/>
  <system-out/>
  <testcase classname="TestPackage.TestClass" name="launch" time="42.475"/>
  <system-out/>
  <testcase classname="TestPackage.TestClass" name="launch" time="55.779"/>
  <system-out/>
  <testcase classname="TestPackage.TestClass" name="launch" time="49.316"/>
  <system-out/>
</testsuite> <!-- TestPackage.TestClass -->
